<?xml version="1.0" encoding="UTF-8"?>
<!-- Generated by org.testng.reporters.JUnitReportReporter -->
<testsuite hostname="C02ZQ1NMMD6M.local" failures="0" tests="1" name="spotify.oauth2.test.PlaylistTests" time="1.634" errors="0" timestamp="2022-04-05T19:22:59 IST" skipped="0">
  <testcase classname="spotify.oauth2.test.PlaylistTests" name="shouldNotBeAbleToCreateAPlaylistWithExpiredToken" time="1.634"/>
  <system-out/>
</testsuite> <!-- spotify.oauth2.test.PlaylistTests -->
